<?xml version="1.0" encoding="UTF-8"?>
<!-- Generated by org.testng.reporters.JUnitReportReporter -->
<testsuite hostname="MissCallPay003" failures="0" tests="2" name="com.qa.testCases.SMFGHomeFinance" time="45.339" errors="0" timestamp="2024-10-10T16:40:04 IST" skipped="0">
  <testcase classname="com.qa.testCases.SMFGHomeFinance" name="launchURL" time="2.818"/>
  <system-out/>
  <testcase classname="com.qa.testCases.SMFGHomeFinance" name="payAUBankBill" time="42.521"/>
  <system-out/>
</testsuite> <!-- com.qa.testCases.SMFGHomeFinance -->
