<?xml version="1.0" encoding="UTF-8"?>
<!-- Generated by org.testng.reporters.JUnitReportReporter -->
<testsuite hostname="MissCallPay003" failures="0" tests="2" name="com.qa.testCases.TataPowerMerchantTestClass" time="78.253" errors="0" timestamp="2024-10-21T16:40:52 IST" skipped="0">
  <testcase classname="com.qa.testCases.TataPowerMerchantTestClass" name="openUrl" time="1.445"/>
  <system-out/>
  <testcase classname="com.qa.testCases.TataPowerMerchantTestClass" name="BillPayProcess" time="76.808"/>
  <system-out/>
</testsuite> <!-- com.qa.testCases.TataPowerMerchantTestClass -->
