<?xml version="1.0" encoding="UTF-8"?>
<!-- Generated by org.testng.reporters.JUnitReportReporter -->
<testsuite hostname="MissCallPay003" failures="0" tests="2" name="com.qa.testCases.SMFGCreditFinanceTestLayer" time="51.445" errors="0" timestamp="2024-10-22T11:29:19 IST" skipped="0">
  <testcase classname="com.qa.testCases.SMFGCreditFinanceTestLayer" name="launchURL" time="3.551"/>
  <system-out/>
  <testcase classname="com.qa.testCases.SMFGCreditFinanceTestLayer" name="paySMFGCreditFinanceBill" time="47.894"/>
  <system-out/>
</testsuite> <!-- com.qa.testCases.SMFGCreditFinanceTestLayer -->
