<?xml version="1.0" encoding="UTF-8"?>
<!-- Generated by org.testng.reporters.JUnitReportReporter -->
<testsuite hostname="MissCallPay003" failures="0" tests="2" name="com.qa.testCases.MerchantGenericNewTestClass" time="42.983" errors="0" timestamp="2024-10-22T18:35:47 IST" skipped="0">
  <testcase classname="com.qa.testCases.MerchantGenericNewTestClass" name="launchURL" time="1.804"/>
  <system-out/>
  <testcase classname="com.qa.testCases.MerchantGenericNewTestClass" name="payAmountToMerchant" time="41.179"/>
  <system-out/>
</testsuite> <!-- com.qa.testCases.MerchantGenericNewTestClass -->
